[0207/132650.143:ERROR:process_memory_win.cc(73)] ReadMemory at 0x180c39507f0 of 72 bytes failed: Only part of a ReadProcessMemory or WriteProcessMemory request was completed. (0x12B)
[0207/132650.149:WARNING:pe_image_annotations_reader.cc(134)] could not read annotations list object in C:\Program Files (x86)\Google\Chrome\Application\80.0.3987.87\chrome_elf.dll
[0207/132650.150:ERROR:process_memory_win.cc(73)] ReadMemory at 0x180c3af5260 of 72 bytes failed: Only part of a ReadProcessMemory or WriteProcessMemory request was completed. (0x12B)
[0207/132650.150:WARNING:pe_image_annotations_reader.cc(134)] could not read annotations list object in C:\Program Files (x86)\Google\Chrome\Application\80.0.3987.87\chrome.dll
[0207/132650.176:ERROR:process_memory_win.cc(73)] ReadMemory at 0x7ff6ef010000 of 64 bytes failed: Only part of a ReadProcessMemory or WriteProcessMemory request was completed. (0x12B)
[0207/132650.176:WARNING:pe_image_reader.cc(340)] could not read dos header from C:\Program Files (x86)\Google\Chrome\Application\chrome.exe
[0207/132650.176:ERROR:process_memory_win.cc(73)] ReadMemory at 0x7ffd8ff60000 of 64 bytes failed: Only part of a ReadProcessMemory or WriteProcessMemory request was completed. (0x12B)
[0207/132650.176:WARNING:pe_image_reader.cc(340)] could not read dos header from C:\WINDOWS\SYSTEM32\ntdll.dll
[0207/132650.176:ERROR:process_memory_win.cc(73)] ReadMemory at 0x7ffd8f140000 of 64 bytes failed: Only part of a ReadProcessMemory or WriteProcessMemory request was completed. (0x12B)
[0207/132650.176:WARNING:pe_image_reader.cc(340)] could not read dos header from C:\WINDOWS\System32\KERNEL32.DLL
[0207/132650.176:ERROR:process_memory_win.cc(73)] ReadMemory at 0x7ffd8d920000 of 64 bytes failed: Only part of a ReadProcessMemory or WriteProcessMemory request was completed. (0x12B)
[0207/132650.176:WARNING:pe_image_reader.cc(340)] could not read dos header from C:\WINDOWS\System32\KERNELBASE.dll
[0207/132650.176:ERROR:process_memory_win.cc(73)] ReadMemory at 0x7ffd63970000 of 64 bytes failed: Only part of a ReadProcessMemory or WriteProcessMemory request was completed. (0x12B)
[0207/132650.176:WARNING:pe_image_reader.cc(340)] could not read dos header from C:\Program Files (x86)\Google\Chrome\Application\80.0.3987.87\chrome_elf.dll
[0207/132650.176:ERROR:process_memory_win.cc(73)] ReadMemory at 0x7ffd85670000 of 64 bytes failed: Only part of a ReadProcessMemory or WriteProcessMemory request was completed. (0x12B)
[0207/132650.176:WARNING:pe_image_reader.cc(340)] could not read dos header from C:\WINDOWS\SYSTEM32\VERSION.dll
[0207/132650.176:ERROR:process_memory_win.cc(73)] ReadMemory at 0x7ffd8f7f0000 of 64 bytes failed: Only part of a ReadProcessMemory or WriteProcessMemory request was completed. (0x12B)
[0207/132650.176:WARNING:pe_image_reader.cc(340)] could not read dos header from C:\WINDOWS\System32\msvcrt.dll
[0207/132650.176:ERROR:process_memory_win.cc(73)] ReadMemory at 0x7ffd8d0f0000 of 64 bytes failed: Only part of a ReadProcessMemory or WriteProcessMemory request was completed. (0x12B)
[0207/132650.176:WARNING:pe_image_reader.cc(340)] could not read dos header from C:\WINDOWS\System32\bcryptPrimitives.dll
[0207/132650.176:ERROR:process_memory_win.cc(73)] ReadMemory at 0x7ffd8f040000 of 64 bytes failed: Only part of a ReadProcessMemory or WriteProcessMemory request was completed. (0x12B)
[0207/132650.176:WARNING:pe_image_reader.cc(340)] could not read dos header from C:\WINDOWS\System32\ADVAPI32.dll
[0207/132650.176:ERROR:process_memory_win.cc(73)] ReadMemory at 0x7ffd8f3a0000 of 64 bytes failed: Only part of a ReadProcessMemory or WriteProcessMemory request was completed. (0x12B)
[0207/132650.176:WARNING:pe_image_reader.cc(340)] could not read dos header from C:\WINDOWS\System32\sechost.dll
[0207/132650.176:ERROR:process_memory_win.cc(73)] ReadMemory at 0x7ffd8ef20000 of 64 bytes failed: Only part of a ReadProcessMemory or WriteProcessMemory request was completed. (0x12B)
[0207/132650.176:WARNING:pe_image_reader.cc(340)] could not read dos header from C:\WINDOWS\System32\RPCRT4.dll
[0207/132650.176:ERROR:process_memory_win.cc(73)] ReadMemory at 0x7ffd566f0000 of 64 bytes failed: Only part of a ReadProcessMemory or WriteProcessMemory request was completed. (0x12B)
[0207/132650.176:WARNING:pe_image_reader.cc(340)] could not read dos header from C:\Program Files (x86)\Google\Chrome\Application\80.0.3987.87\chrome.dll
[0207/132650.176:ERROR:process_memory_win.cc(73)] ReadMemory at 0x7ffd8e890000 of 64 bytes failed: Only part of a ReadProcessMemory or WriteProcessMemory request was completed. (0x12B)
[0207/132650.176:WARNING:pe_image_reader.cc(340)] could not read dos header from C:\WINDOWS\System32\WS2_32.dll
[0207/132650.176:ERROR:process_memory_win.cc(73)] ReadMemory at 0x7ffd8f260000 of 64 bytes failed: Only part of a ReadProcessMemory or WriteProcessMemory request was completed. (0x12B)
[0207/132650.176:WARNING:pe_image_reader.cc(340)] could not read dos header from C:\WINDOWS\System32\OLEAUT32.dll
[0207/132650.176:ERROR:process_memory_win.cc(73)] ReadMemory at 0x7ffd8df70000 of 64 bytes failed: Only part of a ReadProcessMemory or WriteProcessMemory request was completed. (0x12B)
[0207/132650.176:WARNING:pe_image_reader.cc(340)] could not read dos header from C:\WINDOWS\System32\msvcp_win.dll
[0207/132650.176:ERROR:process_memory_win.cc(73)] ReadMemory at 0x7ffd8cfc0000 of 64 bytes failed: Only part of a ReadProcessMemory or WriteProcessMemory request was completed. (0x12B)
[0207/132650.176:WARNING:pe_image_reader.cc(340)] could not read dos header from C:\WINDOWS\System32\ucrtbase.dll
[0207/132650.176:ERROR:process_memory_win.cc(73)] ReadMemory at 0x7ffd8e900000 of 64 bytes failed: Only part of a ReadProcessMemory or WriteProcessMemory request was completed. (0x12B)
[0207/132650.176:WARNING:pe_image_reader.cc(340)] could not read dos header from C:\WINDOWS\System32\combase.dll
[0207/132650.176:ERROR:process_memory_win.cc(73)] ReadMemory at 0x7ffd8dbd0000 of 64 bytes failed: Only part of a ReadProcessMemory or WriteProcessMemory request was completed. (0x12B)
[0207/132650.179:WARNING:pe_image_reader.cc(340)] could not read dos header from C:\WINDOWS\System32\WINTRUST.dll
[0207/132650.179:ERROR:process_memory_win.cc(73)] ReadMemory at 0x7ffd8ce60000 of 64 bytes failed: Only part of a ReadProcessMemory or WriteProcessMemory request was completed. (0x12B)
[0207/132650.179:WARNING:pe_image_reader.cc(340)] could not read dos header from C:\WINDOWS\System32\MSASN1.dll
[0207/132650.179:ERROR:process_memory_win.cc(73)] ReadMemory at 0x7ffd8dc80000 of 64 bytes failed: Only part of a ReadProcessMemory or WriteProcessMemory request was completed. (0x12B)
[0207/132650.179:WARNING:pe_image_reader.cc(340)] could not read dos header from C:\WINDOWS\System32\CRYPT32.dll
[0207/132650.179:ERROR:process_memory_win.cc(73)] ReadMemory at 0x7ffd8c350000 of 64 bytes failed: Only part of a ReadProcessMemory or WriteProcessMemory request was completed. (0x12B)
[0207/132650.179:WARNING:pe_image_reader.cc(340)] could not read dos header from C:\WINDOWS\SYSTEM32\IPHLPAPI.DLL
[0207/132650.179:ERROR:process_memory_win.cc(73)] ReadMemory at 0x7ffd810f0000 of 64 bytes failed: Only part of a ReadProcessMemory or WriteProcessMemory request was completed. (0x12B)
[0207/132650.179:WARNING:pe_image_reader.cc(340)] could not read dos header from C:\WINDOWS\SYSTEM32\WINMM.dll
[0207/132650.179:ERROR:process_memory_win.cc(73)] ReadMemory at 0x7ffd83bf0000 of 64 bytes failed: Only part of a ReadProcessMemory or WriteProcessMemory request was completed. (0x12B)
[0207/132650.179:WARNING:pe_image_reader.cc(340)] could not read dos header from C:\WINDOWS\SYSTEM32\Secur32.dll
[0207/132650.179:ERROR:process_memory_win.cc(73)] ReadMemory at 0x7ffd8cd50000 of 64 bytes failed: Only part of a ReadProcessMemory or WriteProcessMemory request was completed. (0x12B)
[0207/132650.179:WARNING:pe_image_reader.cc(340)] could not read dos header from C:\WINDOWS\SYSTEM32\USERENV.dll
[0207/132650.179:ERROR:process_memory_win.cc(73)] ReadMemory at 0x7ffd8ce80000 of 64 bytes failed: Only part of a ReadProcessMemory or WriteProcessMemory request was completed. (0x12B)
[0207/132650.179:WARNING:pe_image_reader.cc(340)] could not read dos header from C:\WINDOWS\System32\profapi.dll
[0207/132650.179:ERROR:process_memory_win.cc(73)] ReadMemory at 0x7ffd6d1d0000 of 64 bytes failed: Only part of a ReadProcessMemory or WriteProcessMemory request was completed. (0x12B)
[0207/132650.179:WARNING:pe_image_reader.cc(340)] could not read dos header from C:\WINDOWS\SYSTEM32\UIAutomationCore.DLL
[0207/132650.179:ERROR:process_memory_win.cc(73)] ReadMemory at 0x7ffd773e0000 of 64 bytes failed: Only part of a ReadProcessMemory or WriteProcessMemory request was completed. (0x12B)
[0207/132650.179:WARNING:pe_image_reader.cc(340)] could not read dos header from C:\WINDOWS\SYSTEM32\DWrite.dll
[0207/132650.179:ERROR:process_memory_win.cc(73)] ReadMemory at 0x7ffd78010000 of 64 bytes failed: Only part of a ReadProcessMemory or WriteProcessMemory request was completed. (0x12B)
[0207/132650.179:WARNING:pe_image_reader.cc(340)] could not read dos header from C:\WINDOWS\SYSTEM32\WINSPOOL.DRV
[0207/132650.179:ERROR:process_memory_win.cc(73)] ReadMemory at 0x7ffd8ce40000 of 64 bytes failed: Only part of a ReadProcessMemory or WriteProcessMemory request was completed. (0x12B)
[0207/132650.180:WARNING:pe_image_reader.cc(340)] could not read dos header from C:\WINDOWS\System32\kernel.appcore.dll
[0207/132650.180:ERROR:process_memory_win.cc(73)] ReadMemory at 0x7ffd8d170000 of 64 bytes failed: Only part of a ReadProcessMemory or WriteProcessMemory request was completed. (0x12B)
[0207/132650.180:WARNING:pe_image_reader.cc(340)] could not read dos header from C:\WINDOWS\System32\bcrypt.dll
[0207/132650.180:ERROR:process_memory_win.cc(73)] ReadMemory at 0x7ffd82ae0000 of 64 bytes failed: Only part of a ReadProcessMemory or WriteProcessMemory request was completed. (0x12B)
[0207/132650.180:WARNING:pe_image_reader.cc(340)] could not read dos header from C:\WINDOWS\SYSTEM32\dbghelp.dll
[0207/132650.180:ERROR:process_memory_win.cc(73)] ReadMemory at 0x7ffd87770000 of 64 bytes failed: Only part of a ReadProcessMemory or WriteProcessMemory request was completed. (0x12B)
[0207/132650.180:WARNING:pe_image_reader.cc(340)] could not read dos header from C:\WINDOWS\SYSTEM32\WINHTTP.dll
[0207/132650.180:ERROR:process_memory_win.cc(73)] ReadMemory at 0x7ffd881f0000 of 64 bytes failed: Only part of a ReadProcessMemory or WriteProcessMemory request was completed. (0x12B)
[0207/132650.180:WARNING:pe_image_reader.cc(340)] could not read dos header from C:\WINDOWS\SYSTEM32\dhcpcsvc.DLL
[0207/132650.180:ERROR:process_memory_win.cc(73)] ReadMemory at 0x7ffd8f330000 of 64 bytes failed: Only part of a ReadProcessMemory or WriteProcessMemory request was completed. (0x12B)
[0207/132650.180:WARNING:pe_image_reader.cc(340)] could not read dos header from C:\WINDOWS\System32\NSI.dll
[0207/132650.180:ERROR:process_memory_win.cc(73)] ReadMemory at 0x7ffd80b10000 of 64 bytes failed: Only part of a ReadProcessMemory or WriteProcessMemory request was completed. (0x12B)
[0207/132650.180:WARNING:pe_image_reader.cc(340)] could not read dos header from C:\WINDOWS\SYSTEM32\WINMMBASE.dll
[0207/132650.180:ERROR:process_memory_win.cc(73)] ReadMemory at 0x7ffd8dc30000 of 64 bytes failed: Only part of a ReadProcessMemory or WriteProcessMemory request was completed. (0x12B)
[0207/132650.181:WARNING:pe_image_reader.cc(340)] could not read dos header from C:\WINDOWS\System32\cfgmgr32.dll
[0207/132650.181:ERROR:process_memory_win.cc(73)] ReadMemory at 0x7ffd87d80000 of 64 bytes failed: Only part of a ReadProcessMemory or WriteProcessMemory request was completed. (0x12B)
[0207/132650.181:WARNING:pe_image_reader.cc(340)] could not read dos header from C:\WINDOWS\SYSTEM32\PROPSYS.dll
[0207/132650.181:ERROR:process_memory_win.cc(73)] ReadMemory at 0x7ffd8e090000 of 64 bytes failed: Only part of a ReadProcessMemory or WriteProcessMemory request was completed. (0x12B)
[0207/132650.181:WARNING:pe_image_reader.cc(340)] could not read dos header from C:\WINDOWS\System32\shcore.dll
[0207/132650.181:ERROR:process_memory_win.cc(73)] ReadMemory at 0x7ffd8cd20000 of 64 bytes failed: Only part of a ReadProcessMemory or WriteProcessMemory request was completed. (0x12B)
[0207/132650.181:WARNING:pe_image_reader.cc(340)] could not read dos header from C:\WINDOWS\SYSTEM32\SSPICLI.DLL
[0207/132650.181:ERROR:process_memory_win.cc(73)] ReadMemory at 0x7ffd8c810000 of 64 bytes failed: Only part of a ReadProcessMemory or WriteProcessMemory request was completed. (0x12B)
[0207/132650.181:WARNING:pe_image_reader.cc(340)] could not read dos header from C:\WINDOWS\SYSTEM32\CRYPTBASE.DLL
[0207/132650.181:ERROR:process_memory_win.cc(73)] ReadMemory at 0x7ff6ef010000 of 64 bytes failed: Only part of a ReadProcessMemory or WriteProcessMemory request was completed. (0x12B)
[0207/132650.181:WARNING:pe_image_reader.cc(340)] could not read dos header from C:\Program Files (x86)\Google\Chrome\Application\chrome.exe
[0207/132650.181:ERROR:process_memory_win.cc(73)] ReadMemory at 0x7ffd8ff60000 of 64 bytes failed: Only part of a ReadProcessMemory or WriteProcessMemory request was completed. (0x12B)
[0207/132650.181:WARNING:pe_image_reader.cc(340)] could not read dos header from C:\WINDOWS\SYSTEM32\ntdll.dll
[0207/132650.181:ERROR:process_memory_win.cc(73)] ReadMemory at 0x7ffd8f140000 of 64 bytes failed: Only part of a ReadProcessMemory or WriteProcessMemory request was completed. (0x12B)
[0207/132650.182:WARNING:pe_image_reader.cc(340)] could not read dos header from C:\WINDOWS\System32\KERNEL32.DLL
[0207/132650.182:ERROR:process_memory_win.cc(73)] ReadMemory at 0x7ffd8d920000 of 64 bytes failed: Only part of a ReadProcessMemory or WriteProcessMemory request was completed. (0x12B)
[0207/132650.182:WARNING:pe_image_reader.cc(340)] could not read dos header from C:\WINDOWS\System32\KERNELBASE.dll
[0207/132650.182:ERROR:process_memory_win.cc(73)] ReadMemory at 0x7ffd63970000 of 64 bytes failed: Only part of a ReadProcessMemory or WriteProcessMemory request was completed. (0x12B)
[0207/132650.182:WARNING:pe_image_reader.cc(340)] could not read dos header from C:\Program Files (x86)\Google\Chrome\Application\80.0.3987.87\chrome_elf.dll
[0207/132650.182:ERROR:process_memory_win.cc(73)] ReadMemory at 0x7ffd85670000 of 64 bytes failed: Only part of a ReadProcessMemory or WriteProcessMemory request was completed. (0x12B)
[0207/132650.182:WARNING:pe_image_reader.cc(340)] could not read dos header from C:\WINDOWS\SYSTEM32\VERSION.dll
[0207/132650.182:ERROR:process_memory_win.cc(73)] ReadMemory at 0x7ffd8f7f0000 of 64 bytes failed: Only part of a ReadProcessMemory or WriteProcessMemory request was completed. (0x12B)
[0207/132650.182:WARNING:pe_image_reader.cc(340)] could not read dos header from C:\WINDOWS\System32\msvcrt.dll
[0207/132650.182:ERROR:process_memory_win.cc(73)] ReadMemory at 0x7ffd8d0f0000 of 64 bytes failed: Only part of a ReadProcessMemory or WriteProcessMemory request was completed. (0x12B)
[0207/132650.182:WARNING:pe_image_reader.cc(340)] could not read dos header from C:\WINDOWS\System32\bcryptPrimitives.dll
[0207/132650.182:ERROR:process_memory_win.cc(73)] ReadMemory at 0x7ffd8f040000 of 64 bytes failed: Only part of a ReadProcessMemory or WriteProcessMemory request was completed. (0x12B)
[0207/132650.182:WARNING:pe_image_reader.cc(340)] could not read dos header from C:\WINDOWS\System32\ADVAPI32.dll
[0207/132650.182:ERROR:process_memory_win.cc(73)] ReadMemory at 0x7ffd8f3a0000 of 64 bytes failed: Only part of a ReadProcessMemory or WriteProcessMemory request was completed. (0x12B)
[0207/132650.183:WARNING:pe_image_reader.cc(340)] could not read dos header from C:\WINDOWS\System32\sechost.dll
[0207/132650.183:ERROR:process_memory_win.cc(73)] ReadMemory at 0x7ffd8ef20000 of 64 bytes failed: Only part of a ReadProcessMemory or WriteProcessMemory request was completed. (0x12B)
[0207/132650.183:WARNING:pe_image_reader.cc(340)] could not read dos header from C:\WINDOWS\System32\RPCRT4.dll
[0207/132650.183:ERROR:process_memory_win.cc(73)] ReadMemory at 0x7ffd566f0000 of 64 bytes failed: Only part of a ReadProcessMemory or WriteProcessMemory request was completed. (0x12B)
[0207/132650.183:WARNING:pe_image_reader.cc(340)] could not read dos header from C:\Program Files (x86)\Google\Chrome\Application\80.0.3987.87\chrome.dll
[0207/132650.183:ERROR:process_memory_win.cc(73)] ReadMemory at 0x7ffd8e890000 of 64 bytes failed: Only part of a ReadProcessMemory or WriteProcessMemory request was completed. (0x12B)
[0207/132650.183:WARNING:pe_image_reader.cc(340)] could not read dos header from C:\WINDOWS\System32\WS2_32.dll
[0207/132650.183:ERROR:process_memory_win.cc(73)] ReadMemory at 0x7ffd8f260000 of 64 bytes failed: Only part of a ReadProcessMemory or WriteProcessMemory request was completed. (0x12B)
[0207/132650.183:WARNING:pe_image_reader.cc(340)] could not read dos header from C:\WINDOWS\System32\OLEAUT32.dll
[0207/132650.183:ERROR:process_memory_win.cc(73)] ReadMemory at 0x7ffd8df70000 of 64 bytes failed: Only part of a ReadProcessMemory or WriteProcessMemory request was completed. (0x12B)
[0207/132650.183:WARNING:pe_image_reader.cc(340)] could not read dos header from C:\WINDOWS\System32\msvcp_win.dll
[0207/132650.183:ERROR:process_memory_win.cc(73)] ReadMemory at 0x7ffd8cfc0000 of 64 bytes failed: Only part of a ReadProcessMemory or WriteProcessMemory request was completed. (0x12B)
[0207/132650.183:WARNING:pe_image_reader.cc(340)] could not read dos header from C:\WINDOWS\System32\ucrtbase.dll
[0207/132650.183:ERROR:process_memory_win.cc(73)] ReadMemory at 0x7ffd8e900000 of 64 bytes failed: Only part of a ReadProcessMemory or WriteProcessMemory request was completed. (0x12B)
[0207/132650.183:WARNING:pe_image_reader.cc(340)] could not read dos header from C:\WINDOWS\System32\combase.dll
[0207/132650.184:ERROR:process_memory_win.cc(73)] ReadMemory at 0x7ffd8dbd0000 of 64 bytes failed: Only part of a ReadProcessMemory or WriteProcessMemory request was completed. (0x12B)
[0207/132650.184:WARNING:pe_image_reader.cc(340)] could not read dos header from C:\WINDOWS\System32\WINTRUST.dll
[0207/132650.184:ERROR:process_memory_win.cc(73)] ReadMemory at 0x7ffd8ce60000 of 64 bytes failed: Only part of a ReadProcessMemory or WriteProcessMemory request was completed. (0x12B)
[0207/132650.184:WARNING:pe_image_reader.cc(340)] could not read dos header from C:\WINDOWS\System32\MSASN1.dll
[0207/132650.184:ERROR:process_memory_win.cc(73)] ReadMemory at 0x7ffd8dc80000 of 64 bytes failed: Only part of a ReadProcessMemory or WriteProcessMemory request was completed. (0x12B)
[0207/132650.184:WARNING:pe_image_reader.cc(340)] could not read dos header from C:\WINDOWS\System32\CRYPT32.dll
[0207/132650.184:ERROR:process_memory_win.cc(73)] ReadMemory at 0x7ffd8c350000 of 64 bytes failed: Only part of a ReadProcessMemory or WriteProcessMemory request was completed. (0x12B)
[0207/132650.184:WARNING:pe_image_reader.cc(340)] could not read dos header from C:\WINDOWS\SYSTEM32\IPHLPAPI.DLL
[0207/132650.184:ERROR:process_memory_win.cc(73)] ReadMemory at 0x7ffd810f0000 of 64 bytes failed: Only part of a ReadProcessMemory or WriteProcessMemory request was completed. (0x12B)
[0207/132650.184:WARNING:pe_image_reader.cc(340)] could not read dos header from C:\WINDOWS\SYSTEM32\WINMM.dll
[0207/132650.184:ERROR:process_memory_win.cc(73)] ReadMemory at 0x7ffd83bf0000 of 64 bytes failed: Only part of a ReadProcessMemory or WriteProcessMemory request was completed. (0x12B)
[0207/132650.184:WARNING:pe_image_reader.cc(340)] could not read dos header from C:\WINDOWS\SYSTEM32\Secur32.dll
[0207/132650.184:ERROR:process_memory_win.cc(73)] ReadMemory at 0x7ffd8cd50000 of 64 bytes failed: Only part of a ReadProcessMemory or WriteProcessMemory request was completed. (0x12B)
[0207/132650.184:WARNING:pe_image_reader.cc(340)] could not read dos header from C:\WINDOWS\SYSTEM32\USERENV.dll
[0207/132650.185:ERROR:process_memory_win.cc(73)] ReadMemory at 0x7ffd8ce80000 of 64 bytes failed: Only part of a ReadProcessMemory or WriteProcessMemory request was completed. (0x12B)
[0207/132650.185:WARNING:pe_image_reader.cc(340)] could not read dos header from C:\WINDOWS\System32\profapi.dll
[0207/132650.185:ERROR:process_memory_win.cc(73)] ReadMemory at 0x7ffd6d1d0000 of 64 bytes failed: Only part of a ReadProcessMemory or WriteProcessMemory request was completed. (0x12B)
[0207/132650.185:WARNING:pe_image_reader.cc(340)] could not read dos header from C:\WINDOWS\SYSTEM32\UIAutomationCore.DLL
[0207/132650.185:ERROR:process_memory_win.cc(73)] ReadMemory at 0x7ffd773e0000 of 64 bytes failed: Only part of a ReadProcessMemory or WriteProcessMemory request was completed. (0x12B)
[0207/132650.185:WARNING:pe_image_reader.cc(340)] could not read dos header from C:\WINDOWS\SYSTEM32\DWrite.dll
[0207/132650.185:ERROR:process_memory_win.cc(73)] ReadMemory at 0x7ffd78010000 of 64 bytes failed: Only part of a ReadProcessMemory or WriteProcessMemory request was completed. (0x12B)
[0207/132650.185:WARNING:pe_image_reader.cc(340)] could not read dos header from C:\WINDOWS\SYSTEM32\WINSPOOL.DRV
[0207/132650.185:ERROR:process_memory_win.cc(73)] ReadMemory at 0x7ffd8ce40000 of 64 bytes failed: Only part of a ReadProcessMemory or WriteProcessMemory request was completed. (0x12B)
[0207/132650.185:WARNING:pe_image_reader.cc(340)] could not read dos header from C:\WINDOWS\System32\kernel.appcore.dll
[0207/132650.185:ERROR:process_memory_win.cc(73)] ReadMemory at 0x7ffd8d170000 of 64 bytes failed: Only part of a ReadProcessMemory or WriteProcessMemory request was completed. (0x12B)
[0207/132650.185:WARNING:pe_image_reader.cc(340)] could not read dos header from C:\WINDOWS\System32\bcrypt.dll
[0207/132650.185:ERROR:process_memory_win.cc(73)] ReadMemory at 0x7ffd82ae0000 of 64 bytes failed: Only part of a ReadProcessMemory or WriteProcessMemory request was completed. (0x12B)
[0207/132650.185:WARNING:pe_image_reader.cc(340)] could not read dos header from C:\WINDOWS\SYSTEM32\dbghelp.dll
[0207/132650.185:ERROR:process_memory_win.cc(73)] ReadMemory at 0x7ffd87770000 of 64 bytes failed: Only part of a ReadProcessMemory or WriteProcessMemory request was completed. (0x12B)
[0207/132650.186:WARNING:pe_image_reader.cc(340)] could not read dos header from C:\WINDOWS\SYSTEM32\WINHTTP.dll
[0207/132650.186:ERROR:process_memory_win.cc(73)] ReadMemory at 0x7ffd881f0000 of 64 bytes failed: Only part of a ReadProcessMemory or WriteProcessMemory request was completed. (0x12B)
[0207/132650.186:WARNING:pe_image_reader.cc(340)] could not read dos header from C:\WINDOWS\SYSTEM32\dhcpcsvc.DLL
[0207/132650.186:ERROR:process_memory_win.cc(73)] ReadMemory at 0x7ffd8f330000 of 64 bytes failed: Only part of a ReadProcessMemory or WriteProcessMemory request was completed. (0x12B)
[0207/132650.186:WARNING:pe_image_reader.cc(340)] could not read dos header from C:\WINDOWS\System32\NSI.dll
[0207/132650.186:ERROR:process_memory_win.cc(73)] ReadMemory at 0x7ffd80b10000 of 64 bytes failed: Only part of a ReadProcessMemory or WriteProcessMemory request was completed. (0x12B)
[0207/132650.186:WARNING:pe_image_reader.cc(340)] could not read dos header from C:\WINDOWS\SYSTEM32\WINMMBASE.dll
[0207/132650.186:ERROR:process_memory_win.cc(73)] ReadMemory at 0x7ffd8dc30000 of 64 bytes failed: Only part of a ReadProcessMemory or WriteProcessMemory request was completed. (0x12B)
[0207/132650.186:WARNING:pe_image_reader.cc(340)] could not read dos header from C:\WINDOWS\System32\cfgmgr32.dll
[0207/132650.186:ERROR:process_memory_win.cc(73)] ReadMemory at 0x7ffd87d80000 of 64 bytes failed: Only part of a ReadProcessMemory or WriteProcessMemory request was completed. (0x12B)
[0207/132650.186:WARNING:pe_image_reader.cc(340)] could not read dos header from C:\WINDOWS\SYSTEM32\PROPSYS.dll
[0207/132650.186:ERROR:process_memory_win.cc(73)] ReadMemory at 0x7ffd8e090000 of 64 bytes failed: Only part of a ReadProcessMemory or WriteProcessMemory request was completed. (0x12B)
[0207/132650.186:WARNING:pe_image_reader.cc(340)] could not read dos header from C:\WINDOWS\System32\shcore.dll
[0207/132650.186:ERROR:process_memory_win.cc(73)] ReadMemory at 0x7ffd8cd20000 of 64 bytes failed: Only part of a ReadProcessMemory or WriteProcessMemory request was completed. (0x12B)
[0207/132650.186:WARNING:pe_image_reader.cc(340)] could not read dos header from C:\WINDOWS\SYSTEM32\SSPICLI.DLL
[0207/132650.187:ERROR:process_memory_win.cc(73)] ReadMemory at 0x7ffd8c810000 of 64 bytes failed: Only part of a ReadProcessMemory or WriteProcessMemory request was completed. (0x12B)
[0207/132650.187:WARNING:pe_image_reader.cc(340)] could not read dos header from C:\WINDOWS\SYSTEM32\CRYPTBASE.DLL
[0207/132650.202:ERROR:process_memory_win.cc(73)] ReadMemory at 0x48fa7ed000 of 77824 bytes failed: Only part of a ReadProcessMemory or WriteProcessMemory request was completed. (0x12B)
[0207/132650.204:ERROR:process_memory_win.cc(73)] ReadMemory at 0x48faffd000 of 12288 bytes failed: Only part of a ReadProcessMemory or WriteProcessMemory request was completed. (0x12B)
[0207/132650.204:ERROR:process_memory_win.cc(73)] ReadMemory at 0x48fb7fc000 of 16384 bytes failed: Only part of a ReadProcessMemory or WriteProcessMemory request was completed. (0x12B)
[0207/132650.204:ERROR:process_memory_win.cc(73)] ReadMemory at 0x48fbffc000 of 16384 bytes failed: Only part of a ReadProcessMemory or WriteProcessMemory request was completed. (0x12B)
[0207/132650.204:ERROR:process_memory_win.cc(73)] ReadMemory at 0x48fc7fc000 of 16384 bytes failed: Only part of a ReadProcessMemory or WriteProcessMemory request was completed. (0x12B)
[0207/132650.204:ERROR:process_memory_win.cc(73)] ReadMemory at 0x48fcfff000 of 4096 bytes failed: Only part of a ReadProcessMemory or WriteProcessMemory request was completed. (0x12B)
[0207/132650.204:ERROR:process_memory_win.cc(73)] ReadMemory at 0x48fd7fd000 of 12288 bytes failed: Only part of a ReadProcessMemory or WriteProcessMemory request was completed. (0x12B)
[0207/132650.204:ERROR:process_memory_win.cc(73)] ReadMemory at 0x48fdffb000 of 20480 bytes failed: Only part of a ReadProcessMemory or WriteProcessMemory request was completed. (0x12B)
[0207/132650.204:ERROR:process_memory_win.cc(73)] ReadMemory at 0x48fe7fd000 of 12288 bytes failed: Only part of a ReadProcessMemory or WriteProcessMemory request was completed. (0x12B)
[0207/132650.204:ERROR:process_memory_win.cc(73)] ReadMemory at 0x48feff6000 of 40960 bytes failed: Only part of a ReadProcessMemory or WriteProcessMemory request was completed. (0x12B)
[0207/132650.204:ERROR:process_memory_win.cc(73)] ReadMemory at 0x48ff7f6000 of 40960 bytes failed: Only part of a ReadProcessMemory or WriteProcessMemory request was completed. (0x12B)
[0207/132650.205:ERROR:process_memory_win.cc(73)] ReadMemory at 0x48ffffd000 of 12288 bytes failed: Only part of a ReadProcessMemory or WriteProcessMemory request was completed. (0x12B)
[0207/132650.205:ERROR:process_memory_win.cc(73)] ReadMemory at 0x48807fd000 of 12288 bytes failed: Only part of a ReadProcessMemory or WriteProcessMemory request was completed. (0x12B)
[0207/132650.205:ERROR:process_memory_win.cc(73)] ReadMemory at 0x4880ffc000 of 16384 bytes failed: Only part of a ReadProcessMemory or WriteProcessMemory request was completed. (0x12B)
[0207/132650.205:ERROR:process_memory_win.cc(73)] ReadMemory at 0x48817fc000 of 16384 bytes failed: Only part of a ReadProcessMemory or WriteProcessMemory request was completed. (0x12B)
[0207/132650.205:ERROR:process_memory_win.cc(73)] ReadMemory at 0x48f9f91000 of 852 bytes failed: Only part of a ReadProcessMemory or WriteProcessMemory request was completed. (0x12B)
[0207/132650.205:ERROR:process_memory_win.cc(73)] ReadMemory at 0x48f9f92000 of 6024 bytes failed: Only part of a ReadProcessMemory or WriteProcessMemory request was completed. (0x12B)
[0207/132650.205:ERROR:process_memory_win.cc(73)] ReadMemory at 0x48f9f94000 of 6024 bytes failed: Only part of a ReadProcessMemory or WriteProcessMemory request was completed. (0x12B)
[0207/132650.205:ERROR:process_memory_win.cc(73)] ReadMemory at 0x48f9f96000 of 6024 bytes failed: Only part of a ReadProcessMemory or WriteProcessMemory request was completed. (0x12B)
[0207/132650.205:ERROR:process_memory_win.cc(73)] ReadMemory at 0x48f9f98000 of 6024 bytes failed: Only part of a ReadProcessMemory or WriteProcessMemory request was completed. (0x12B)
[0207/132650.205:ERROR:process_memory_win.cc(73)] ReadMemory at 0x48f9f9a000 of 6024 bytes failed: Only part of a ReadProcessMemory or WriteProcessMemory request was completed. (0x12B)
[0207/132650.205:ERROR:process_memory_win.cc(73)] ReadMemory at 0x48f9f9c000 of 6024 bytes failed: Only part of a ReadProcessMemory or WriteProcessMemory request was completed. (0x12B)
[0207/132650.205:ERROR:process_memory_win.cc(73)] ReadMemory at 0x48f9f9e000 of 6024 bytes failed: Only part of a ReadProcessMemory or WriteProcessMemory request was completed. (0x12B)
[0207/132650.206:ERROR:process_memory_win.cc(73)] ReadMemory at 0x48f9fa0000 of 6024 bytes failed: Only part of a ReadProcessMemory or WriteProcessMemory request was completed. (0x12B)
[0207/132650.206:ERROR:process_memory_win.cc(73)] ReadMemory at 0x48f9fa2000 of 6024 bytes failed: Only part of a ReadProcessMemory or WriteProcessMemory request was completed. (0x12B)
[0207/132650.206:ERROR:process_memory_win.cc(73)] ReadMemory at 0x48f9fa4000 of 6024 bytes failed: Only part of a ReadProcessMemory or WriteProcessMemory request was completed. (0x12B)
[0207/132650.206:ERROR:process_memory_win.cc(73)] ReadMemory at 0x48f9fa6000 of 6024 bytes failed: Only part of a ReadProcessMemory or WriteProcessMemory request was completed. (0x12B)
[0207/132650.206:ERROR:process_memory_win.cc(73)] ReadMemory at 0x48f9fa8000 of 6024 bytes failed: Only part of a ReadProcessMemory or WriteProcessMemory request was completed. (0x12B)
[0207/132650.206:ERROR:process_memory_win.cc(73)] ReadMemory at 0x48f9faa000 of 6024 bytes failed: Only part of a ReadProcessMemory or WriteProcessMemory request was completed. (0x12B)
[0207/132650.206:ERROR:process_memory_win.cc(73)] ReadMemory at 0x48f9fac000 of 6024 bytes failed: Only part of a ReadProcessMemory or WriteProcessMemory request was completed. (0x12B)
[0207/132650.206:ERROR:process_memory_win.cc(73)] ReadMemory at 0x48f9fae000 of 6024 bytes failed: Only part of a ReadProcessMemory or WriteProcessMemory request was completed. (0x12B)
[0207/132650.206:ERROR:process_memory_win.cc(73)] ReadMemory at 0x180c3830750 of 80 bytes failed: Only part of a ReadProcessMemory or WriteProcessMemory request was completed. (0x12B)
[0207/132650.206:ERROR:process_memory_win.cc(73)] ReadMemory at 0x180c3830fe0 of 3424 bytes failed: Only part of a ReadProcessMemory or WriteProcessMemory request was completed. (0x12B)
[0207/132650.206:ERROR:process_memory_win.cc(73)] ReadMemory at 0x180c3831d50 of 1012 bytes failed: Only part of a ReadProcessMemory or WriteProcessMemory request was completed. (0x12B)
[0207/132650.206:ERROR:process_memory_win.cc(73)] ReadMemory at 0x180c3832398 of 118 bytes failed: Only part of a ReadProcessMemory or WriteProcessMemory request was completed. (0x12B)
[0207/132650.206:ERROR:process_memory_win.cc(73)] ReadMemory at 0x180c3832410 of 750 bytes failed: Only part of a ReadProcessMemory or WriteProcessMemory request was completed. (0x12B)
[0207/132650.207:ERROR:process_memory_win.cc(73)] ReadMemory at 0x180c3832700 of 118 bytes failed: Only part of a ReadProcessMemory or WriteProcessMemory request was completed. (0x12B)
[0207/132650.207:ERROR:process_memory_win.cc(73)] ReadMemory at 0x180c3832778 of 96 bytes failed: Only part of a ReadProcessMemory or WriteProcessMemory request was completed. (0x12B)
[0207/132650.207:ERROR:process_memory_win.cc(73)] ReadMemory at 0x180c38327f0 of 58 bytes failed: Only part of a ReadProcessMemory or WriteProcessMemory request was completed. (0x12B)
[0207/132650.207:ERROR:process_memory_win.cc(73)] ReadMemory at 0x180c38328f0 of 132 bytes failed: Only part of a ReadProcessMemory or WriteProcessMemory request was completed. (0x12B)
[0207/132650.207:ERROR:process_memory_win.cc(73)] ReadMemory at 0x180c3832a80 of 132 bytes failed: Only part of a ReadProcessMemory or WriteProcessMemory request was completed. (0x12B)
[0207/132650.207:ERROR:process_memory_win.cc(73)] ReadMemory at 0x180c3832c40 of 124 bytes failed: Only part of a ReadProcessMemory or WriteProcessMemory request was completed. (0x12B)
[0207/132650.218:ERROR:process_memory_win.cc(73)] ReadMemory at 0x180c3833020 of 132 bytes failed: Only part of a ReadProcessMemory or WriteProcessMemory request was completed. (0x12B)
[0207/132650.218:ERROR:process_memory_win.cc(73)] ReadMemory at 0x180c38331b0 of 64 bytes failed: Only part of a ReadProcessMemory or WriteProcessMemory request was completed. (0x12B)
[0207/132650.218:ERROR:process_memory_win.cc(73)] ReadMemory at 0x180c3833370 of 132 bytes failed: Only part of a ReadProcessMemory or WriteProcessMemory request was completed. (0x12B)
[0207/132650.218:ERROR:process_memory_win.cc(73)] ReadMemory at 0x180c3833610 of 132 bytes failed: Only part of a ReadProcessMemory or WriteProcessMemory request was completed. (0x12B)
[0207/132650.218:ERROR:process_memory_win.cc(73)] ReadMemory at 0x180c38337a0 of 68 bytes failed: Only part of a ReadProcessMemory or WriteProcessMemory request was completed. (0x12B)
[0207/132650.218:ERROR:process_memory_win.cc(73)] ReadMemory at 0x180c3834860 of 132 bytes failed: Only part of a ReadProcessMemory or WriteProcessMemory request was completed. (0x12B)
[0207/132650.218:ERROR:process_memory_win.cc(73)] ReadMemory at 0x180c38349f0 of 152 bytes failed: Only part of a ReadProcessMemory or WriteProcessMemory request was completed. (0x12B)
[0207/132650.218:ERROR:process_memory_win.cc(73)] ReadMemory at 0x180c3835730 of 60 bytes failed: Only part of a ReadProcessMemory or WriteProcessMemory request was completed. (0x12B)
[0207/132650.218:ERROR:process_memory_win.cc(73)] ReadMemory at 0x180c38357d0 of 62 bytes failed: Only part of a ReadProcessMemory or WriteProcessMemory request was completed. (0x12B)
[0207/132650.218:ERROR:process_memory_win.cc(73)] ReadMemory at 0x180c3835d10 of 144 bytes failed: Only part of a ReadProcessMemory or WriteProcessMemory request was completed. (0x12B)
[0207/132650.218:ERROR:process_memory_win.cc(73)] ReadMemory at 0x180c3835df0 of 132 bytes failed: Only part of a ReadProcessMemory or WriteProcessMemory request was completed. (0x12B)
[0207/132650.218:ERROR:process_memory_win.cc(73)] ReadMemory at 0x180c3837210 of 132 bytes failed: Only part of a ReadProcessMemory or WriteProcessMemory request was completed. (0x12B)
[0207/132650.218:ERROR:process_memory_win.cc(73)] ReadMemory at 0x180c383a110 of 66 bytes failed: Only part of a ReadProcessMemory or WriteProcessMemory request was completed. (0x12B)
[0207/132650.218:ERROR:process_memory_win.cc(73)] ReadMemory at 0x180c383a2f0 of 62 bytes failed: Only part of a ReadProcessMemory or WriteProcessMemory request was completed. (0x12B)
[0207/132650.218:ERROR:process_memory_win.cc(73)] ReadMemory at 0x180c383a3e0 of 64 bytes failed: Only part of a ReadProcessMemory or WriteProcessMemory request was completed. (0x12B)
[0207/132650.218:ERROR:process_memory_win.cc(73)] ReadMemory at 0x180c383a4d0 of 64 bytes failed: Only part of a ReadProcessMemory or WriteProcessMemory request was completed. (0x12B)
[0207/132650.218:ERROR:process_memory_win.cc(73)] ReadMemory at 0x180c383a520 of 62 bytes failed: Only part of a ReadProcessMemory or WriteProcessMemory request was completed. (0x12B)
[0207/132650.218:ERROR:process_memory_win.cc(73)] ReadMemory at 0x180c383a570 of 64 bytes failed: Only part of a ReadProcessMemory or WriteProcessMemory request was completed. (0x12B)
[0207/132650.219:ERROR:process_memory_win.cc(73)] ReadMemory at 0x180c383a5c0 of 64 bytes failed: Only part of a ReadProcessMemory or WriteProcessMemory request was completed. (0x12B)
[0207/132650.219:ERROR:process_memory_win.cc(73)] ReadMemory at 0x180c383a700 of 60 bytes failed: Only part of a ReadProcessMemory or WriteProcessMemory request was completed. (0x12B)
[0207/132650.219:ERROR:process_memory_win.cc(73)] ReadMemory at 0x180c383a750 of 60 bytes failed: Only part of a ReadProcessMemory or WriteProcessMemory request was completed. (0x12B)
[0207/132650.219:ERROR:process_memory_win.cc(73)] ReadMemory at 0x180c383a920 of 132 bytes failed: Only part of a ReadProcessMemory or WriteProcessMemory request was completed. (0x12B)
[0207/132650.219:ERROR:process_memory_win.cc(73)] ReadMemory at 0x180c383aa50 of 132 bytes failed: Only part of a ReadProcessMemory or WriteProcessMemory request was completed. (0x12B)
[0207/132650.219:ERROR:process_memory_win.cc(73)] ReadMemory at 0x180c383ab80 of 132 bytes failed: Only part of a ReadProcessMemory or WriteProcessMemory request was completed. (0x12B)
[0207/132650.219:ERROR:process_memory_win.cc(73)] ReadMemory at 0x180c383ade0 of 132 bytes failed: Only part of a ReadProcessMemory or WriteProcessMemory request was completed. (0x12B)
[0207/132650.219:ERROR:process_memory_win.cc(73)] ReadMemory at 0x180c383af10 of 132 bytes failed: Only part of a ReadProcessMemory or WriteProcessMemory request was completed. (0x12B)
[0207/132650.219:ERROR:process_memory_win.cc(73)] ReadMemory at 0x180c383b040 of 132 bytes failed: Only part of a ReadProcessMemory or WriteProcessMemory request was completed. (0x12B)
[0207/132650.219:ERROR:process_memory_win.cc(73)] ReadMemory at 0x180c383b170 of 132 bytes failed: Only part of a ReadProcessMemory or WriteProcessMemory request was completed. (0x12B)
[0207/132650.219:ERROR:process_memory_win.cc(73)] ReadMemory at 0x180c383b2a0 of 132 bytes failed: Only part of a ReadProcessMemory or WriteProcessMemory request was completed. (0x12B)
[0207/132650.219:ERROR:process_memory_win.cc(73)] ReadMemory at 0x180c383b3d0 of 132 bytes failed: Only part of a ReadProcessMemory or WriteProcessMemory request was completed. (0x12B)
[0207/132650.219:ERROR:process_memory_win.cc(73)] ReadMemory at 0x180c383b500 of 132 bytes failed: Only part of a ReadProcessMemory or WriteProcessMemory request was completed. (0x12B)
[0207/132650.231:ERROR:process_memory_win.cc(73)] ReadMemory at 0x180c383b630 of 132 bytes failed: Only part of a ReadProcessMemory or WriteProcessMemory request was completed. (0x12B)
[0207/132650.231:ERROR:process_memory_win.cc(73)] ReadMemory at 0x180c383b760 of 132 bytes failed: Only part of a ReadProcessMemory or WriteProcessMemory request was completed. (0x12B)
[0207/132650.231:ERROR:process_memory_win.cc(73)] ReadMemory at 0x180c383ce90 of 132 bytes failed: Only part of a ReadProcessMemory or WriteProcessMemory request was completed. (0x12B)
[0207/132650.231:ERROR:process_memory_win.cc(73)] ReadMemory at 0x180c383d560 of 132 bytes failed: Only part of a ReadProcessMemory or WriteProcessMemory request was completed. (0x12B)
[0207/132650.235:ERROR:process_memory_win.cc(73)] ReadMemory at 0x180c383d690 of 132 bytes failed: Only part of a ReadProcessMemory or WriteProcessMemory request was completed. (0x12B)
[0207/132650.268:ERROR:process_memory_win.cc(73)] ReadMemory at 0x180c3840680 of 132 bytes failed: Only part of a ReadProcessMemory or WriteProcessMemory request was completed. (0x12B)
[0207/132650.268:ERROR:process_memory_win.cc(73)] ReadMemory at 0x180c3842b40 of 54 bytes failed: Only part of a ReadProcessMemory or WriteProcessMemory request was completed. (0x12B)
[0207/132650.268:ERROR:process_memory_win.cc(73)] ReadMemory at 0x180c3843480 of 132 bytes failed: Only part of a ReadProcessMemory or WriteProcessMemory request was completed. (0x12B)
[0207/132650.268:ERROR:process_memory_win.cc(73)] ReadMemory at 0x180c38435b0 of 132 bytes failed: Only part of a ReadProcessMemory or WriteProcessMemory request was completed. (0x12B)
[0207/132650.268:ERROR:process_memory_win.cc(73)] ReadMemory at 0x180c38437d0 of 132 bytes failed: Only part of a ReadProcessMemory or WriteProcessMemory request was completed. (0x12B)
[0207/132650.268:ERROR:process_memory_win.cc(73)] ReadMemory at 0x180c3843b30 of 132 bytes failed: Only part of a ReadProcessMemory or WriteProcessMemory request was completed. (0x12B)
[0207/132650.268:ERROR:process_memory_win.cc(73)] ReadMemory at 0x180c3843d40 of 132 bytes failed: Only part of a ReadProcessMemory or WriteProcessMemory request was completed. (0x12B)
[0207/132650.269:ERROR:process_memory_win.cc(73)] ReadMemory at 0x180c38440b0 of 80 bytes failed: Only part of a ReadProcessMemory or WriteProcessMemory request was completed. (0x12B)
[0207/132650.269:ERROR:process_memory_win.cc(73)] ReadMemory at 0x180c3844e90 of 76 bytes failed: Only part of a ReadProcessMemory or WriteProcessMemory request was completed. (0x12B)
[0207/132650.269:ERROR:process_memory_win.cc(73)] ReadMemory at 0x180c3845040 of 58 bytes failed: Only part of a ReadProcessMemory or WriteProcessMemory request was completed. (0x12B)
[0207/132650.269:ERROR:process_memory_win.cc(73)] ReadMemory at 0x180c3845090 of 60 bytes failed: Only part of a ReadProcessMemory or WriteProcessMemory request was completed. (0x12B)
[0207/132650.269:ERROR:process_memory_win.cc(73)] ReadMemory at 0x180c38450e0 of 64 bytes failed: Only part of a ReadProcessMemory or WriteProcessMemory request was completed. (0x12B)
[0207/132650.269:ERROR:process_memory_win.cc(73)] ReadMemory at 0x180c38451d0 of 62 bytes failed: Only part of a ReadProcessMemory or WriteProcessMemory request was completed. (0x12B)
[0207/132650.270:ERROR:process_memory_win.cc(73)] ReadMemory at 0x180c3845220 of 60 bytes failed: Only part of a ReadProcessMemory or WriteProcessMemory request was completed. (0x12B)
[0207/132650.270:ERROR:process_memory_win.cc(73)] ReadMemory at 0x180c3845360 of 62 bytes failed: Only part of a ReadProcessMemory or WriteProcessMemory request was completed. (0x12B)
[0207/132650.270:ERROR:process_memory_win.cc(73)] ReadMemory at 0x180c38453b0 of 64 bytes failed: Only part of a ReadProcessMemory or WriteProcessMemory request was completed. (0x12B)
[0207/132650.270:ERROR:process_memory_win.cc(73)] ReadMemory at 0x180c38454a0 of 62 bytes failed: Only part of a ReadProcessMemory or WriteProcessMemory request was completed. (0x12B)
[0207/132650.270:ERROR:process_memory_win.cc(73)] ReadMemory at 0x180c3845720 of 62 bytes failed: Only part of a ReadProcessMemory or WriteProcessMemory request was completed. (0x12B)
[0207/132650.270:ERROR:process_memory_win.cc(73)] ReadMemory at 0x180c38457c0 of 62 bytes failed: Only part of a ReadProcessMemory or WriteProcessMemory request was completed. (0x12B)
[0207/132650.280:ERROR:process_memory_win.cc(73)] ReadMemory at 0x180c3845810 of 62 bytes failed: Only part of a ReadProcessMemory or WriteProcessMemory request was completed. (0x12B)
[0207/132650.280:ERROR:process_memory_win.cc(73)] ReadMemory at 0x180c3845900 of 64 bytes failed: Only part of a ReadProcessMemory or WriteProcessMemory request was completed. (0x12B)
[0207/132650.280:ERROR:process_memory_win.cc(73)] ReadMemory at 0x180c38459f0 of 62 bytes failed: Only part of a ReadProcessMemory or WriteProcessMemory request was completed. (0x12B)
[0207/132650.280:ERROR:process_memory_win.cc(73)] ReadMemory at 0x180c3845b80 of 60 bytes failed: Only part of a ReadProcessMemory or WriteProcessMemory request was completed. (0x12B)
[0207/132650.280:ERROR:process_memory_win.cc(73)] ReadMemory at 0x180c3845c20 of 66 bytes failed: Only part of a ReadProcessMemory or WriteProcessMemory request was completed. (0x12B)
[0207/132650.280:ERROR:process_memory_win.cc(73)] ReadMemory at 0x180c3845c70 of 64 bytes failed: Only part of a ReadProcessMemory or WriteProcessMemory request was completed. (0x12B)
[0207/132650.280:ERROR:process_memory_win.cc(73)] ReadMemory at 0x180c3845e00 of 62 bytes failed: Only part of a ReadProcessMemory or WriteProcessMemory request was completed. (0x12B)
[0207/132650.280:ERROR:process_memory_win.cc(73)] ReadMemory at 0x180c3845e50 of 60 bytes failed: Only part of a ReadProcessMemory or WriteProcessMemory request was completed. (0x12B)
[0207/132650.281:ERROR:process_memory_win.cc(73)] ReadMemory at 0x180c38460e0 of 132 bytes failed: Only part of a ReadProcessMemory or WriteProcessMemory request was completed. (0x12B)
[0207/132650.281:ERROR:process_memory_win.cc(73)] ReadMemory at 0x180c3846210 of 132 bytes failed: Only part of a ReadProcessMemory or WriteProcessMemory request was completed. (0x12B)
[0207/132650.281:ERROR:process_memory_win.cc(73)] ReadMemory at 0x180c3846470 of 132 bytes failed: Only part of a ReadProcessMemory or WriteProcessMemory request was completed. (0x12B)
[0207/132650.281:ERROR:process_memory_win.cc(73)] ReadMemory at 0x180c3846f20 of 132 bytes failed: Only part of a ReadProcessMemory or WriteProcessMemory request was completed. (0x12B)
[0207/132650.281:ERROR:process_memory_win.cc(73)] ReadMemory at 0x180c38473e0 of 132 bytes failed: Only part of a ReadProcessMemory or WriteProcessMemory request was completed. (0x12B)
[0207/132650.281:ERROR:process_memory_win.cc(73)] ReadMemory at 0x180c3847510 of 132 bytes failed: Only part of a ReadProcessMemory or WriteProcessMemory request was completed. (0x12B)
[0207/132650.281:ERROR:process_memory_win.cc(73)] ReadMemory at 0x180c3847770 of 132 bytes failed: Only part of a ReadProcessMemory or WriteProcessMemory request was completed. (0x12B)
[0207/132650.282:ERROR:process_memory_win.cc(73)] ReadMemory at 0x180c38478a0 of 132 bytes failed: Only part of a ReadProcessMemory or WriteProcessMemory request was completed. (0x12B)
[0207/132650.287:ERROR:process_memory_win.cc(73)] ReadMemory at 0x180c38479d0 of 132 bytes failed: Only part of a ReadProcessMemory or WriteProcessMemory request was completed. (0x12B)
[0207/132650.287:ERROR:process_memory_win.cc(73)] ReadMemory at 0x180c3847b00 of 132 bytes failed: Only part of a ReadProcessMemory or WriteProcessMemory request was completed. (0x12B)
[0207/132650.287:ERROR:process_memory_win.cc(73)] ReadMemory at 0x180c3849100 of 512 bytes failed: Only part of a ReadProcessMemory or WriteProcessMemory request was completed. (0x12B)
[0207/132650.287:ERROR:process_memory_win.cc(73)] ReadMemory at 0x180c385caa0 of 512 bytes failed: Only part of a ReadProcessMemory or WriteProcessMemory request was completed. (0x12B)
[0207/132650.287:ERROR:process_memory_win.cc(73)] ReadMemory at 0x180c3a10d00 of 704 bytes failed: Only part of a ReadProcessMemory or WriteProcessMemory request was completed. (0x12B)
[0207/132650.287:ERROR:process_memory_win.cc(73)] ReadMemory at 0x180c3b324d0 of 512 bytes failed: Only part of a ReadProcessMemory or WriteProcessMemory request was completed. (0x12B)
[0207/132650.287:ERROR:process_memory_win.cc(73)] ReadMemory at 0x180c3b32f50 of 512 bytes failed: Only part of a ReadProcessMemory or WriteProcessMemory request was completed. (0x12B)
[0207/132650.287:ERROR:process_memory_win.cc(73)] ReadMemory at 0x180c3b39440 of 512 bytes failed: Only part of a ReadProcessMemory or WriteProcessMemory request was completed. (0x12B)
[0207/132650.288:ERROR:process_memory_win.cc(73)] ReadMemory at 0x180c3b3ce10 of 712 bytes failed: Only part of a ReadProcessMemory or WriteProcessMemory request was completed. (0x12B)
[0207/132650.288:ERROR:process_memory_win.cc(73)] ReadMemory at 0x180c3b41818 of 800 bytes failed: Only part of a ReadProcessMemory or WriteProcessMemory request was completed. (0x12B)
[0207/132650.288:ERROR:process_memory_win.cc(73)] ReadMemory at 0x180c3b41f68 of 512 bytes failed: Only part of a ReadProcessMemory or WriteProcessMemory request was completed. (0x12B)
[0207/132650.288:ERROR:process_memory_win.cc(73)] ReadMemory at 0x180c3b44560 of 512 bytes failed: Only part of a ReadProcessMemory or WriteProcessMemory request was completed. (0x12B)
[0207/132650.288:ERROR:process_memory_win.cc(73)] ReadMemory at 0x180c3b52240 of 512 bytes failed: Only part of a ReadProcessMemory or WriteProcessMemory request was completed. (0x12B)
[0207/132650.288:ERROR:process_memory_win.cc(73)] ReadMemory at 0x180c3bed5a0 of 512 bytes failed: Only part of a ReadProcessMemory or WriteProcessMemory request was completed. (0x12B)
[0207/132650.288:ERROR:process_memory_win.cc(73)] ReadMemory at 0x180c5b752a0 of 512 bytes failed: Only part of a ReadProcessMemory or WriteProcessMemory request was completed. (0x12B)
[0207/132650.288:ERROR:process_memory_win.cc(73)] ReadMemory at 0x180c5f10000 of 384 bytes failed: Only part of a ReadProcessMemory or WriteProcessMemory request was completed. (0x12B)
[0207/132650.289:ERROR:process_memory_win.cc(73)] ReadMemory at 0x180c614aba0 of 512 bytes failed: Only part of a ReadProcessMemory or WriteProcessMemory request was completed. (0x12B)
[0207/132650.289:ERROR:process_memory_win.cc(73)] ReadMemory at 0x180c614b2c0 of 512 bytes failed: Only part of a ReadProcessMemory or WriteProcessMemory request was completed. (0x12B)
[0207/132650.289:ERROR:process_memory_win.cc(73)] ReadMemory at 0x180c6b50000 of 384 bytes failed: Only part of a ReadProcessMemory or WriteProcessMemory request was completed. (0x12B)
[0207/132650.289:ERROR:process_memory_win.cc(73)] ReadMemory at 0x183c000e9f80 of 512 bytes failed: Only part of a ReadProcessMemory or WriteProcessMemory request was completed. (0x12B)
[0207/132650.289:ERROR:process_memory_win.cc(73)] ReadMemory at 0x183c000edf80 of 512 bytes failed: Only part of a ReadProcessMemory or WriteProcessMemory request was completed. (0x12B)
[0207/132650.289:ERROR:process_memory_win.cc(73)] ReadMemory at 0x183c000eef80 of 512 bytes failed: Only part of a ReadProcessMemory or WriteProcessMemory request was completed. (0x12B)
[0207/132650.289:ERROR:process_memory_win.cc(73)] ReadMemory at 0x7ffd575374b0 of 512 bytes failed: Only part of a ReadProcessMemory or WriteProcessMemory request was completed. (0x12B)
[0207/132650.289:ERROR:process_memory_win.cc(73)] ReadMemory at 0x7ffd5814b264 of 512 bytes failed: Only part of a ReadProcessMemory or WriteProcessMemory request was completed. (0x12B)
[0207/132650.289:ERROR:process_memory_win.cc(73)] ReadMemory at 0x7ffd58ca020c of 512 bytes failed: Only part of a ReadProcessMemory or WriteProcessMemory request was completed. (0x12B)
[0207/132650.290:ERROR:process_memory_win.cc(73)] ReadMemory at 0x7ffd58db4881 of 512 bytes failed: Only part of a ReadProcessMemory or WriteProcessMemory request was completed. (0x12B)
[0207/132650.290:ERROR:process_memory_win.cc(73)] ReadMemory at 0x7ffd8d95a7b9 of 512 bytes failed: Only part of a ReadProcessMemory or WriteProcessMemory request was completed. (0x12B)
[0207/132650.290:ERROR:process_memory_win.cc(73)] ReadMemory at 0x7ffd8db8b6d0 of 512 bytes failed: Only part of a ReadProcessMemory or WriteProcessMemory request was completed. (0x12B)
[0207/132650.301:ERROR:process_memory_win.cc(73)] ReadMemory at 0x7ffd8fffc0c4 of 672 bytes failed: Only part of a ReadProcessMemory or WriteProcessMemory request was completed. (0x12B)
[0207/132650.301:ERROR:process_memory_win.cc(73)] ReadMemory at 0x7ffd8fffc6c4 of 512 bytes failed: Only part of a ReadProcessMemory or WriteProcessMemory request was completed. (0x12B)
[0207/132650.301:ERROR:process_memory_win.cc(73)] ReadMemory at 0x7ffd8ffff974 of 608 bytes failed: Only part of a ReadProcessMemory or WriteProcessMemory request was completed. (0x12B)
[0207/132650.301:ERROR:process_memory_win.cc(73)] ReadMemory at 0x7ffd9008c428 of 18 bytes failed: Only part of a ReadProcessMemory or WriteProcessMemory request was completed. (0x12B)
[0207/132650.301:ERROR:process_memory_win.cc(73)] ReadMemory at 0x7ffd900bf4f8 of 40 bytes failed: Only part of a ReadProcessMemory or WriteProcessMemory request was completed. (0x12B)
[0207/132650.301:ERROR:process_memory_win.cc(73)] ReadMemory at 0x7ffd900bf978 of 48 bytes failed: Only part of a ReadProcessMemory or WriteProcessMemory request was completed. (0x12B)
[0207/132650.301:ERROR:process_memory_win.cc(73)] ReadMemory at 0x7ffd900c53c0 of 64 bytes failed: Only part of a ReadProcessMemory or WriteProcessMemory request was completed. (0x12B)
[0207/132650.304:ERROR:scoped_process_suspend.cc(40)] NtResumeProcess: An attempt was made to access an exiting process. (0xc000010a)
